Determining if the pthread_create exist failed with the following output:
Change Dir: /home/yogi/Udacity/RoboticsSoftwareEngineerNanodegree/Project2/catkin_ws/build/CMakeFiles/CMakeTmp

Run Build Command:"/usr/bin/make" "cmTC_aef23/fast"
/usr/bin/make -f CMakeFiles/cmTC_aef23.dir/build.make CMakeFiles/cmTC_aef23.dir/build
make[1]: Entering directory '/home/yogi/Udacity/RoboticsSoftwareEngineerNanodegree/Project2/catkin_ws/build/CMakeFiles/CMakeTmp'
Building C object CMakeFiles/cmTC_aef23.dir/CheckSymbolExists.c.o
/usr/bin/cc    -o CMakeFiles/cmTC_aef23.dir/CheckSymbolExists.c.o   -c /home/yogi/Udacity/RoboticsSoftwareEngineerNanodegree/Project2/catkin_ws/build/CMakeFiles/CMakeTmp/CheckSymbolExists.c
Linking C executable cmTC_aef23
/usr/bin/cmake -E cmake_link_script CMakeFiles/cmTC_aef23.dir/link.txt --verbose=1
/usr/bin/cc      -rdynamic CMakeFiles/cmTC_aef23.dir/CheckSymbolExists.c.o  -o cmTC_aef23 
CMakeFiles/cmTC_aef23.dir/CheckSymbolExists.c.o: In function `main':
CheckSymbolExists.c:(.text+0x1b): undefined reference to `pthread_create'
collect2: error: ld returned 1 exit status
CMakeFiles/cmTC_aef23.dir/build.make:97: recipe for target 'cmTC_aef23' failed
make[1]: *** [cmTC_aef23] Error 1
make[1]: Leaving directory '/home/yogi/Udacity/RoboticsSoftwareEngineerNanodegree/Project2/catkin_ws/build/CMakeFiles/CMakeTmp'
Makefile:126: recipe for target 'cmTC_aef23/fast' failed
make: *** [cmTC_aef23/fast] Error 2

File /home/yogi/Udacity/RoboticsSoftwareEngineerNanodegree/Project2/catkin_ws/build/CMakeFiles/CMakeTmp/CheckSymbolExists.c:
/* */
#include <pthread.h>

int main(int argc, char** argv)
{
  (void)argv;
#ifndef pthread_create
  return ((int*)(&pthread_create))[argc];
#else
  (void)argc;
  return 0;
#endif
}

Determining if the function pthread_create exists in the pthreads failed with the following output:
Change Dir: /home/yogi/Udacity/RoboticsSoftwareEngineerNanodegree/Project2/catkin_ws/build/CMakeFiles/CMakeTmp

Run Build Command:"/usr/bin/make" "cmTC_9b60b/fast"
/usr/bin/make -f CMakeFiles/cmTC_9b60b.dir/build.make CMakeFiles/cmTC_9b60b.dir/build
make[1]: Entering directory '/home/yogi/Udacity/RoboticsSoftwareEngineerNanodegree/Project2/catkin_ws/build/CMakeFiles/CMakeTmp'
Building C object CMakeFiles/cmTC_9b60b.dir/CheckFunctionExists.c.o
/usr/bin/cc   -DCHECK_FUNCTION_EXISTS=pthread_create   -o CMakeFiles/cmTC_9b60b.dir/CheckFunctionExists.c.o   -c /usr/share/cmake-3.10/Modules/CheckFunctionExists.c
Linking C executable cmTC_9b60b
/usr/bin/cmake -E cmake_link_script CMakeFiles/cmTC_9b60b.dir/link.txt --verbose=1
/usr/bin/cc  -DCHECK_FUNCTION_EXISTS=pthread_create    -rdynamic CMakeFiles/cmTC_9b60b.dir/CheckFunctionExists.c.o  -o cmTC_9b60b -lpthreads 
/usr/bin/ld: cannot find -lpthreads
collect2: error: ld returned 1 exit status
CMakeFiles/cmTC_9b60b.dir/build.make:97: recipe for target 'cmTC_9b60b' failed
make[1]: *** [cmTC_9b60b] Error 1
make[1]: Leaving directory '/home/yogi/Udacity/RoboticsSoftwareEngineerNanodegree/Project2/catkin_ws/build/CMakeFiles/CMakeTmp'
Makefile:126: recipe for target 'cmTC_9b60b/fast' failed
make: *** [cmTC_9b60b/fast] Error 2


